2019-08-07 17:59:22,554 INFO MESSAGE: Home page is opened
2019-08-07 17:59:30,909 INFO MESSAGE: Team page is opened
2019-08-07 18:00:07,191 INFO MESSAGE: About page is opened
2019-08-07 18:00:19,028 INFO MESSAGE: Receptionist Dashboard is opened
2019-08-07 18:08:15,190 INFO MESSAGE: Receptionist Dashboard is opened
2019-08-07 18:17:14,090 INFO MESSAGE: Home page is opened
2019-08-07 18:17:21,641 INFO MESSAGE: Home page is opened
2019-08-07 18:17:26,107 INFO MESSAGE: Team page is opened
2019-08-07 18:17:32,256 INFO MESSAGE: About page is opened
2019-08-07 18:17:35,232 INFO MESSAGE: Support page is opened
2019-08-07 18:18:08,988 INFO MESSAGE: Admin Dashboard is opened
2019-08-07 18:19:40,842 INFO MESSAGE: Generate Report Page is opened
2019-08-07 18:24:42,196 INFO MESSAGE: Generate Report Page is opened
2019-08-07 18:25:35,100 INFO MESSAGE: Home page is opened
2019-08-07 18:25:47,922 INFO MESSAGE: Admin Dashboard is opened
2019-08-07 18:28:32,515 INFO MESSAGE: Generate Report Page is opened
2019-08-07 18:28:40,083 INFO MESSAGE: Generate Report Page is opened
2019-08-07 18:30:38,362 INFO MESSAGE: Generate Report Page is opened
2019-08-07 18:30:47,129 INFO MESSAGE: Report Generated of visitor
2019-08-07 18:31:24,744 INFO MESSAGE: Generate Report Page is opened
2019-08-07 18:34:53,897 INFO MESSAGE: Generate Report Page is opened
2019-08-07 18:36:07,439 INFO MESSAGE: Generate Report Page is opened
2019-08-07 18:36:12,117 INFO MESSAGE: Report Generated of visitor
2019-08-07 18:36:24,772 INFO MESSAGE: Report Generated of visitor
2019-08-07 18:36:50,470 INFO MESSAGE: Generate Report Page is opened
2019-08-07 18:38:16,158 INFO MESSAGE: Generate Report Page is opened
2019-08-07 18:38:59,508 INFO MESSAGE: New Admin Signup
2019-08-07 18:40:30,365 INFO MESSAGE: Generate Report Page is opened
2019-08-07 18:40:55,881 INFO MESSAGE: New Admin Signup
2019-08-07 18:40:55,916 INFO MESSAGE: Admin Dashboard is opened
2019-08-07 18:41:47,286 INFO MESSAGE: New Receptionist Signup
2019-08-07 18:41:47,314 INFO MESSAGE: Receptionist Dashboard is opened
2019-08-07 18:42:40,199 INFO MESSAGE: Home page is opened
2019-08-07 18:42:55,461 INFO MESSAGE: Admin Dashboard is opened
2019-08-07 18:44:01,959 INFO MESSAGE: Home page is opened
2019-08-07 18:44:38,501 INFO MESSAGE: Generate Report Page is opened
2019-08-07 18:50:10,780 INFO MESSAGE: Generate Report Page is opened
2019-08-07 18:55:25,761 INFO MESSAGE: Generate Report Page is opened
2019-08-07 18:59:38,828 INFO MESSAGE: Generate Report Page is opened
2019-08-07 19:08:55,290 INFO MESSAGE: Home page is opened
2019-08-07 19:09:03,007 INFO MESSAGE: Receptionist Dashboard is opened
2019-08-07 19:09:14,743 INFO MESSAGE: Receptionist Dashboard is opened
2019-08-07 19:09:20,007 INFO MESSAGE: Receptionist Dashboard is opened
2019-08-07 19:11:47,045 INFO MESSAGE: Home page is opened
2019-08-07 19:11:50,611 INFO MESSAGE: Receptionist Dashboard is opened
2019-08-07 19:12:54,928 INFO MESSAGE: Generate Report Page is opened
2019-08-07 19:14:00,075 INFO MESSAGE: Receptionist Dashboard is opened
2019-08-07 19:14:52,935 INFO MESSAGE: Generate Report Page is opened
2019-08-07 19:18:40,565 INFO MESSAGE: Generate Report Page is opened
2019-08-07 19:18:42,277 INFO MESSAGE: Receptionist Dashboard is opened
2019-08-07 19:19:05,529 INFO MESSAGE: Generate Report Page is opened
2019-08-07 19:22:06,683 INFO MESSAGE: Generate Report Page is opened
2019-08-07 19:22:23,986 INFO MESSAGE: Receptionist Dashboard is opened
2019-08-07 19:24:09,462 INFO MESSAGE: Generate Report Page is opened
2019-08-07 19:24:20,519 INFO MESSAGE: Form is saved of Sunny Sahu.
2019-08-07 19:24:20,543 INFO MESSAGE: Receptionist Dashboard is opened
2019-08-07 19:26:44,385 INFO MESSAGE: Generate Report Page is opened
2019-08-07 19:28:54,499 INFO MESSAGE: Generate Report Page is opened
2019-08-07 19:29:06,116 INFO MESSAGE: Form is saved of Sunny Sahu.
2019-08-07 19:29:06,139 INFO MESSAGE: Receptionist Dashboard is opened
2019-08-07 19:30:07,412 INFO MESSAGE: Generate Report Page is opened
2019-08-07 19:30:23,732 INFO MESSAGE: Home page is opened
2019-08-07 19:30:46,153 INFO MESSAGE: Admin Dashboard is opened
2019-08-07 19:31:24,890 INFO MESSAGE: Report Generated of visitor
2019-08-07 19:35:37,817 INFO MESSAGE: Generate Report Page is opened
2019-08-07 19:39:05,482 INFO MESSAGE: Generate Report Page is opened
2019-08-07 19:39:25,962 INFO MESSAGE: Report Generated of visitor
2019-08-07 19:39:55,653 INFO MESSAGE: Generate Report Page is opened
2019-08-07 19:39:57,455 INFO MESSAGE: Report Generated of visitor
2019-08-07 19:39:58,680 INFO MESSAGE: Report Generated of visitor
2019-08-07 19:40:02,041 INFO MESSAGE: Report Generated of visitor
2019-08-07 19:40:26,233 INFO MESSAGE: Generate Report Page is opened
2019-08-07 19:40:31,966 INFO MESSAGE: Report Generated of visitor
2019-08-07 19:40:32,772 INFO MESSAGE: Report Generated of visitor
2019-08-07 19:40:32,864 INFO MESSAGE: Report Generated of visitor
2019-08-07 19:40:33,053 INFO MESSAGE: Report Generated of visitor
2019-08-07 19:40:33,150 INFO MESSAGE: Report Generated of visitor
2019-08-07 19:40:33,411 INFO MESSAGE: Report Generated of visitor
2019-08-07 19:41:18,844 INFO MESSAGE: Generate Report Page is opened
2019-08-07 19:41:23,608 INFO MESSAGE: Report Generated of visitor
2019-08-07 19:42:14,940 INFO MESSAGE: Generate Report Page is opened
2019-08-07 19:42:18,145 INFO MESSAGE: Report Generated of visitor
2019-08-07 19:42:31,097 INFO MESSAGE: Report Generated of visitor
2019-08-07 19:42:41,625 INFO MESSAGE: Report Generated of visitor
2019-08-07 19:43:04,125 INFO MESSAGE: Generate Report Page is opened
2019-08-07 19:43:06,241 INFO MESSAGE: Report Generated of visitor
2019-08-07 19:43:14,328 INFO MESSAGE: Report Generated of visitor
2019-08-07 19:43:22,369 INFO MESSAGE: Report Generated of visitor
2019-08-07 19:43:37,219 INFO MESSAGE: Generate Report Page is opened
2019-08-07 19:43:37,695 INFO MESSAGE: Report Generated of visitor
2019-08-07 19:43:47,166 INFO MESSAGE: Report Generated of visitor
2019-08-07 19:43:58,246 INFO MESSAGE: Report Generated of visitor
2019-08-07 19:44:51,417 INFO MESSAGE: Generate Report Page is opened
2019-08-07 19:45:01,898 INFO MESSAGE: Report Generated of visitor
2019-08-07 19:47:41,446 INFO MESSAGE: Generate Report Page is opened
2019-08-07 19:47:44,989 INFO MESSAGE: Report Generated of visitor
2019-08-07 19:47:55,106 INFO MESSAGE: Report Generated of visitor
2019-08-07 19:49:22,100 INFO MESSAGE: Generate Report Page is opened
2019-08-07 19:59:17,840 INFO MESSAGE: Generate Report Page is opened
2019-08-07 19:59:22,291 INFO MESSAGE: Generate Report Page is opened
2019-08-07 20:00:40,134 INFO MESSAGE: Home page is opened
2019-08-07 20:01:17,861 INFO MESSAGE: Receptionist Dashboard is opened
2019-08-07 20:10:29,947 INFO MESSAGE: Home page is opened
2019-08-07 20:10:37,237 INFO MESSAGE: Receptionist Dashboard is opened
2019-08-07 20:10:47,734 INFO MESSAGE: About page is opened
2019-08-07 20:10:49,017 INFO MESSAGE: Support page is opened
2019-08-07 20:10:50,445 INFO MESSAGE: About page is opened
2019-08-07 20:10:51,863 INFO MESSAGE: Home page is opened
2019-08-07 20:11:22,919 INFO MESSAGE: Receptionist Dashboard is opened
2019-08-07 20:12:28,263 INFO MESSAGE: Receptionist Dashboard is opened
2019-08-07 20:16:34,554 INFO MESSAGE: Receptionist Dashboard is opened
2019-08-07 20:16:37,456 INFO MESSAGE: Home page is opened
2019-08-07 20:16:39,248 INFO MESSAGE: About page is opened
2019-08-07 20:16:40,401 INFO MESSAGE: Support page is opened
2019-08-07 20:16:42,044 INFO MESSAGE: Home page is opened
2019-08-07 20:16:43,493 INFO MESSAGE: About page is opened
2019-08-07 20:16:44,490 INFO MESSAGE: Support page is opened
2019-08-07 20:16:50,789 INFO MESSAGE: Home page is opened
2019-08-07 20:17:02,064 INFO MESSAGE: Home page is opened
2019-08-07 20:17:11,102 INFO MESSAGE: About page is opened
2019-08-07 20:17:12,472 INFO MESSAGE: Support page is opened
2019-08-07 20:17:15,977 INFO MESSAGE: Receptionist Dashboard is opened
2019-08-07 20:17:18,128 INFO MESSAGE: About page is opened
2019-08-07 20:17:19,259 INFO MESSAGE: Home page is opened
2019-08-07 20:17:20,749 INFO MESSAGE: Support page is opened
2019-08-07 20:17:25,169 INFO MESSAGE: Home page is opened
2019-08-07 20:19:00,782 INFO MESSAGE: Generate Report Page is opened
2019-08-07 20:19:50,245 INFO MESSAGE: Generate Report Page is opened
2019-08-07 20:21:49,709 INFO MESSAGE: Generate Report Page is opened
2019-08-07 20:21:58,701 INFO MESSAGE: Generate Report Page is opened
2019-08-07 20:23:34,477 INFO MESSAGE: Generate Report Page is opened
2019-08-07 20:24:42,926 INFO MESSAGE: Home page is opened
2019-08-07 20:25:12,214 INFO MESSAGE: Support page is opened
2019-08-07 20:25:52,030 INFO MESSAGE: Receptionist Dashboard is opened
2019-08-07 20:26:06,433 INFO MESSAGE: Receptionist Dashboard is opened
2019-08-07 20:28:16,201 INFO MESSAGE: Generate Report Page is opened
2019-08-07 20:28:24,854 INFO MESSAGE: Home page is opened
2019-08-07 20:28:49,184 INFO MESSAGE: Home page is opened
2019-08-07 20:29:01,534 INFO MESSAGE: Team page is opened
2019-08-07 20:30:00,249 INFO MESSAGE: Receptionist Dashboard is opened
2019-08-07 20:33:55,146 INFO MESSAGE: Home page is opened
2019-08-07 20:34:07,190 INFO MESSAGE: Receptionist Dashboard is opened
2019-08-07 20:34:33,927 INFO MESSAGE: Form is saved of Sunny Sahu.
2019-08-07 20:34:33,951 INFO MESSAGE: Receptionist Dashboard is opened
2019-08-07 20:35:57,122 INFO MESSAGE: Generate Report Page is opened
2019-08-07 20:36:23,863 INFO MESSAGE: Home page is opened
2019-08-07 20:37:27,610 INFO MESSAGE: Generate Report Page is opened
2019-08-07 20:37:40,618 INFO MESSAGE: Generate Report Page is opened
2019-08-07 20:38:31,340 INFO MESSAGE: Form is saved of Sunny Sahu.
2019-08-07 20:38:31,372 INFO MESSAGE: Receptionist Dashboard is opened
2019-08-07 20:39:23,498 INFO MESSAGE: Home page is opened
2019-08-07 20:39:37,208 INFO MESSAGE: Receptionist Dashboard is opened
2019-08-07 20:44:28,619 INFO MESSAGE: Generate Report Page is opened
2019-08-07 20:45:28,349 INFO MESSAGE: Generate Report Page is opened
2019-08-07 20:47:44,138 INFO MESSAGE: Generate Report Page is opened
2019-08-07 20:52:10,548 INFO MESSAGE: Generate Report Page is opened
2019-08-07 20:53:22,654 INFO MESSAGE: Generate Report Page is opened
2019-08-07 20:55:46,255 INFO MESSAGE: Generate Report Page is opened
2019-08-07 20:55:49,638 INFO MESSAGE: Generate Report Page is opened
2019-08-07 20:56:30,008 INFO MESSAGE: Visitor Registration done.
2019-08-07 20:57:30,147 INFO MESSAGE: Generate Report Page is opened
2019-08-07 20:58:22,656 INFO MESSAGE: Generate Report Page is opened
2019-08-07 20:59:09,571 INFO MESSAGE: Generate Report Page is opened
2019-08-07 21:01:22,541 INFO MESSAGE: Generate Report Page is opened
2019-08-07 21:01:59,622 INFO MESSAGE: Generate Report Page is opened
2019-08-07 21:02:02,932 INFO MESSAGE: Visitor Registration done.
2019-08-07 21:02:02,962 INFO MESSAGE: Receptionist Dashboard is opened
2019-08-07 21:03:04,213 INFO MESSAGE: Generate Report Page is opened
2019-08-07 21:03:12,701 INFO MESSAGE: Generate Report Page is opened
2019-08-07 21:03:21,913 INFO MESSAGE: Visitor Registration done.
2019-08-07 21:03:21,953 INFO MESSAGE: Receptionist Dashboard is opened
2019-08-07 21:07:43,380 INFO MESSAGE: Home page is opened
2019-08-07 21:08:07,863 INFO MESSAGE: Admin Dashboard is opened
2019-08-07 21:08:53,467 INFO MESSAGE: Password Changed
2019-08-07 21:08:53,477 INFO MESSAGE: Home page is opened
2019-08-07 21:10:11,262 INFO MESSAGE: Generate Report Page is opened
2019-08-07 21:10:33,551 INFO MESSAGE: Receptionist Dashboard is opened
2019-08-07 21:11:59,017 INFO MESSAGE: Generate Report Page is opened
2019-08-07 21:12:37,551 INFO MESSAGE: Generate Report Page is opened
2019-08-07 21:14:37,982 INFO MESSAGE: Generate Report Page is opened
2019-08-07 21:17:55,854 INFO MESSAGE: search by wrong number
2019-08-07 21:20:23,244 INFO MESSAGE: search by wrong number
2019-08-07 21:20:31,234 INFO MESSAGE: Receptionist Dashboard is opened
2019-08-07 21:22:18,710 INFO MESSAGE: Home page is opened
2019-08-07 21:22:20,494 INFO MESSAGE: Home page is opened
2019-08-07 21:22:41,446 INFO MESSAGE: About page is opened
2019-08-07 21:22:47,122 INFO MESSAGE: Support page is opened
2019-08-07 21:22:49,806 INFO MESSAGE: Home page is opened
2019-08-07 21:22:52,994 INFO MESSAGE: Team page is opened
2019-08-07 21:23:23,143 INFO MESSAGE: Receptionist Dashboard is opened
2019-08-07 21:23:38,701 INFO MESSAGE: search by wrong number
2019-08-07 21:23:58,422 INFO MESSAGE: Home page is opened
2019-08-07 21:24:13,778 INFO MESSAGE: Admin Dashboard is opened
2019-08-07 21:24:55,028 INFO MESSAGE: Home page is opened
2019-08-07 21:49:19,239 INFO MESSAGE: Admin Dashboard is opened
2019-08-07 21:49:29,499 INFO MESSAGE: Report Generated by date of visitors.
2019-08-07 21:50:37,673 INFO MESSAGE: Report Generated by date of visitors.
2019-08-07 17:18:57,865 INFO MESSAGE: Generate Report Page is opened
2019-08-07 17:18:57,865 INFO MESSAGE: Generate Report Page is opened
2019-08-07 17:19:45,093 INFO MESSAGE: Generate Report Page is opened
2019-08-07 17:20:03,100 INFO MESSAGE: About page is opened
2019-08-31 17:49:59,679 INFO MESSAGE: Generate Report Page is opened
2019-08-31 17:50:09,242 INFO MESSAGE: Generate Report Page is opened
2019-08-31 17:50:38,246 INFO MESSAGE: Generate Report Page is opened
2019-08-31 17:50:42,846 INFO MESSAGE: Generate Report Page is opened
2019-08-31 17:50:59,419 INFO MESSAGE: Generate Report Page is opened
2019-08-31 17:51:07,677 INFO MESSAGE: Home page is opened
2019-08-31 17:56:01,139 INFO MESSAGE: Api for details of visitor is called
2019-08-31 17:56:11,861 INFO MESSAGE: Api for details of visitor is called
2019-08-31 17:56:18,020 INFO MESSAGE: Api for details of visitor is called
2019-08-31 17:56:25,823 INFO MESSAGE: Api for details of visitor is called
2019-08-31 17:56:41,675 INFO MESSAGE: Api for details of visitor is called
2019-09-01 05:01:12,221 INFO MESSAGE: Generate Report Page is opened
2019-09-01 05:14:03,764 INFO MESSAGE: Generate Report Page is opened
2019-09-01 05:16:42,049 INFO MESSAGE: Generate Report Page is opened
2019-09-01 05:22:08,888 INFO MESSAGE: Generate Report Page is opened
2019-09-01 05:22:21,599 INFO MESSAGE: Home page is opened
2019-09-01 05:43:58,227 INFO MESSAGE: Home page is opened
2019-09-01 05:43:59,702 INFO MESSAGE: About page is opened
2019-09-01 05:44:01,830 INFO MESSAGE: Support page is opened
2019-09-01 05:44:03,386 INFO MESSAGE: About page is opened
2019-09-01 05:47:08,583 INFO MESSAGE: About page is opened
2019-09-01 05:48:36,086 INFO MESSAGE: Home page is opened
2019-09-01 05:48:40,035 INFO MESSAGE: Home page is opened
2019-09-01 05:48:41,578 INFO MESSAGE: About page is opened
2019-09-01 05:48:42,583 INFO MESSAGE: Support page is opened
2019-09-01 05:50:06,461 INFO MESSAGE: Support page is opened
2019-09-01 05:50:08,350 INFO MESSAGE: Home page is opened
2019-09-01 05:50:54,512 INFO MESSAGE: Generate Report Page is opened
2019-09-01 05:50:57,169 INFO MESSAGE: Home page is opened
2019-09-01 05:51:05,917 INFO MESSAGE: Home page is opened
2019-09-01 05:51:07,379 INFO MESSAGE: About page is opened
2019-09-01 05:51:11,918 INFO MESSAGE: Support page is opened
2019-09-01 05:51:13,619 INFO MESSAGE: About page is opened
2019-09-01 05:51:14,775 INFO MESSAGE: Home page is opened
2019-09-01 05:54:13,002 INFO MESSAGE: Home page is opened
2019-09-01 05:54:14,276 INFO MESSAGE: About page is opened
2019-09-01 05:54:15,885 INFO MESSAGE: Support page is opened
2019-09-01 05:54:18,070 INFO MESSAGE: Home page is opened
2019-09-01 05:55:06,140 INFO MESSAGE: Home page is opened
2019-09-01 05:56:17,430 INFO MESSAGE: Generate Report Page is opened
2019-09-01 05:56:25,233 INFO MESSAGE: Home page is opened
2019-09-01 05:56:58,121 INFO MESSAGE: Generate Report Page is opened
2019-09-01 05:57:00,124 INFO MESSAGE: Home page is opened
2019-09-01 05:57:02,625 INFO MESSAGE: Home page is opened
2019-09-01 05:57:04,847 INFO MESSAGE: About page is opened
2019-09-01 05:57:15,480 INFO MESSAGE: Support page is opened
2019-09-01 05:58:19,474 INFO MESSAGE: Generate Report Page is opened
2019-09-01 05:58:32,630 INFO MESSAGE: Generate Report Page is opened
2019-09-01 05:58:39,391 INFO MESSAGE: Home page is opened
2019-09-01 05:59:42,072 INFO MESSAGE: Home page is opened
2019-09-01 06:00:26,612 INFO MESSAGE: Home page is opened
2019-09-01 06:01:03,306 INFO MESSAGE: Generate Report Page is opened
2019-09-01 06:01:03,889 INFO MESSAGE: Admin Dashboard is opened
2019-09-01 06:01:42,712 INFO MESSAGE: New Receptionist Signup
2019-09-01 06:01:42,752 INFO MESSAGE: Receptionist Dashboard is opened
2019-09-01 06:04:17,152 INFO MESSAGE: Home page is opened
2019-09-01 06:04:25,150 INFO MESSAGE: Home page is opened
2019-09-01 06:04:48,904 INFO MESSAGE: Api for details of visitor is called
2019-09-01 06:04:54,293 INFO MESSAGE: Api for details of visitor is called
2019-09-01 06:05:04,129 INFO MESSAGE: Home page is opened
2019-09-01 06:05:32,376 INFO MESSAGE: Support page is opened
2019-09-01 06:05:47,145 INFO MESSAGE: Home page is opened
2019-09-01 06:06:33,304 WARNING MESSAGE: Forbidden (CSRF token missing or incorrect.): /login/
2019-09-01 06:08:05,226 INFO MESSAGE: Form is saved of shiv.
2019-09-01 06:08:05,259 INFO MESSAGE: Receptionist Dashboard is opened
2019-09-01 06:12:48,241 INFO MESSAGE: Form is saved of saumya.
2019-09-01 06:12:48,273 INFO MESSAGE: Receptionist Dashboard is opened
2019-09-01 06:17:42,469 INFO MESSAGE: Visitor Registration done.
2019-09-01 06:17:42,505 INFO MESSAGE: Receptionist Dashboard is opened
2019-09-01 06:19:26,275 INFO MESSAGE: Home page is opened
2019-09-01 06:19:52,562 INFO MESSAGE: Admin Dashboard is opened
2019-09-01 06:20:37,825 INFO MESSAGE: Generate Report Page is opened
2019-09-01 06:21:28,266 INFO MESSAGE: Generate Report Page is opened
2019-09-01 06:21:47,257 INFO MESSAGE: Api for details of visitor is called
2019-09-01 06:21:51,698 INFO MESSAGE: Api for details of visitor is called
2019-09-01 06:21:55,843 INFO MESSAGE: Admin Dashboard is opened
2019-09-01 06:21:58,120 INFO MESSAGE: Home page is opened
2019-09-01 06:30:30,645 INFO MESSAGE: Home page is opened
2019-09-01 06:31:02,004 INFO MESSAGE: Generate Report Page is opened
2019-09-01 06:31:07,361 INFO MESSAGE: Admin Dashboard is opened
2019-09-01 06:31:11,140 INFO MESSAGE: Home page is opened
2019-09-01 06:31:27,636 INFO MESSAGE: Admin Dashboard is opened
2019-09-01 06:31:30,627 INFO MESSAGE: Home page is opened
2019-09-01 06:31:39,353 INFO MESSAGE: Receptionist Dashboard is opened
2019-09-01 06:31:57,688 INFO MESSAGE: Home page is opened
2019-09-01 06:32:12,201 INFO MESSAGE: Admin Dashboard is opened
2019-09-01 06:32:56,285 INFO MESSAGE: Home page is opened
2019-09-01 06:33:04,429 INFO MESSAGE: Admin Dashboard is opened
2019-09-01 06:45:42,344 INFO MESSAGE: Generate Report Page is opened
2019-09-01 06:48:36,266 INFO MESSAGE: Home page is opened
2019-09-01 06:48:49,600 INFO MESSAGE: Admin Dashboard is opened
2019-09-01 06:52:14,872 INFO MESSAGE: Admin Dashboard is opened
2019-09-01 06:55:58,126 INFO MESSAGE: Support page is opened
2019-09-01 06:55:58,155 INFO MESSAGE: Support page is opened
2019-09-01 06:56:08,424 INFO MESSAGE: Admin Dashboard is opened
2019-09-01 06:57:30,856 INFO MESSAGE: Admin Dashboard is opened
2019-09-01 06:58:19,524 INFO MESSAGE: Admin Dashboard is opened
2019-09-01 06:58:57,392 INFO MESSAGE: Admin Dashboard is opened
2019-09-01 06:59:01,698 INFO MESSAGE: Support page is opened
2019-09-01 06:59:10,021 INFO MESSAGE: Admin Dashboard is opened
2019-09-01 07:00:44,465 INFO MESSAGE: Admin Dashboard is opened
2019-09-01 07:00:59,810 INFO MESSAGE: Admin Dashboard is opened
2019-09-01 07:01:03,665 INFO MESSAGE: Download the data of all Visitors
2019-09-01 07:02:23,049 INFO MESSAGE: Admin Dashboard is opened
2019-09-01 07:03:36,594 INFO MESSAGE: Support page is opened
2019-09-01 07:03:40,316 INFO MESSAGE: Home page is opened
2019-09-01 07:03:51,077 INFO MESSAGE: Receptionist Dashboard is opened
2019-09-01 07:04:28,181 INFO MESSAGE: Home page is opened
2019-09-01 07:07:31,355 INFO MESSAGE: Generate Report Page is opened
2019-09-01 07:08:08,054 INFO MESSAGE: Generate Report Page is opened
2019-09-01 07:08:53,522 INFO MESSAGE: Generate Report Page is opened
2019-09-01 07:09:04,606 INFO MESSAGE: Generate Report Page is opened
2019-09-01 07:10:32,111 INFO MESSAGE: Generate Report Page is opened
2019-09-01 07:10:50,096 INFO MESSAGE: Generate Report Page is opened
2019-09-01 07:23:45,859 INFO MESSAGE: Generate Report Page is opened
2019-09-01 07:23:59,009 INFO MESSAGE: Home page is opened
2019-09-01 07:25:24,025 INFO MESSAGE: Generate Report Page is opened
2019-09-01 07:26:34,547 INFO MESSAGE: Home page is opened
2019-09-01 07:26:36,087 INFO MESSAGE: About page is opened
2019-09-01 07:26:39,605 INFO MESSAGE: Support page is opened
2019-09-01 07:27:33,362 INFO MESSAGE: Home page is opened
2019-09-01 07:29:33,613 INFO MESSAGE: About page is opened
2019-09-01 07:29:46,727 INFO MESSAGE: Support page is opened
2019-09-01 07:30:14,530 INFO MESSAGE: Receptionist Dashboard is opened
2019-09-01 07:30:40,820 INFO MESSAGE: Home page is opened
2019-09-01 07:30:50,469 INFO MESSAGE: Admin Dashboard is opened
2019-09-01 07:31:54,866 INFO MESSAGE: Admin Dashboard is opened
2019-09-01 07:32:53,268 INFO MESSAGE: Receptionist Dashboard is opened
2019-09-01 07:32:56,643 INFO MESSAGE: Home page is opened
2019-09-01 08:12:24,091 INFO MESSAGE: Generate Report Page is opened
2019-09-01 08:12:53,786 INFO MESSAGE: Receptionist Dashboard is opened
2019-09-01 08:13:11,668 INFO MESSAGE: Home page is opened
2019-09-01 08:13:22,101 INFO MESSAGE: Admin Dashboard is opened
2019-09-01 08:13:25,681 INFO MESSAGE: Download the data of all Visitors
2019-09-01 08:26:04,676 INFO MESSAGE: Generate Report Page is opened
2019-09-01 08:26:35,615 INFO MESSAGE: Receptionist Dashboard is opened
2019-09-01 08:26:38,381 INFO MESSAGE: Home page is opened
2019-09-01 08:26:47,775 INFO MESSAGE: Admin Dashboard is opened
2019-09-01 08:28:00,320 INFO MESSAGE: Generate Report Page is opened
2019-09-01 08:28:01,998 INFO MESSAGE: Admin Dashboard is opened
2019-09-01 08:29:21,015 INFO MESSAGE: Generate Report Page is opened
2019-09-01 08:39:05,037 INFO MESSAGE: Generate Report Page is opened
2019-09-01 08:39:35,270 INFO MESSAGE: Generate Report Page is opened
2019-09-01 08:40:32,752 INFO MESSAGE: Receptionist Dashboard is opened
2019-09-01 08:40:35,247 INFO MESSAGE: Home page is opened
2019-09-01 08:40:43,769 INFO MESSAGE: Admin Dashboard is opened
2019-09-01 08:52:46,416 INFO MESSAGE: Generate Report Page is opened
2019-09-01 09:11:29,584 INFO MESSAGE: Admin Dashboard is opened
2019-09-01 09:31:44,195 INFO MESSAGE: Generate Report Page is opened
2019-09-01 09:31:55,414 INFO MESSAGE: Home page is opened
2019-09-01 09:42:48,420 INFO MESSAGE: Home page is opened
2019-09-01 09:43:14,959 INFO MESSAGE: Receptionist Dashboard is opened
2019-09-01 10:03:09,670 INFO MESSAGE: Home page is opened
2019-09-01 10:04:38,085 INFO MESSAGE: Home page is opened
2019-09-01 10:20:16,000 INFO MESSAGE: Generate Report Page is opened
2019-09-01 10:20:41,518 INFO MESSAGE: Home page is opened
2019-09-01 10:34:28,441 INFO MESSAGE: Generate Report Page is opened
2019-09-01 10:36:39,021 INFO MESSAGE: Generate Report Page is opened
2019-09-01 10:36:59,576 INFO MESSAGE: Generate Report Page is opened
2019-09-01 10:55:34,272 INFO MESSAGE: Generate Report Page is opened
2019-09-01 10:55:53,416 INFO MESSAGE: Generate Report Page is opened
2019-09-01 10:56:09,742 INFO MESSAGE: Generate Report Page is opened
2019-09-01 11:00:43,632 INFO MESSAGE: Generate Report Page is opened
2019-09-01 11:00:50,344 INFO MESSAGE: Generate Report Page is opened
2019-09-01 11:01:23,861 INFO MESSAGE: Generate Report Page is opened
2019-09-01 11:08:28,493 INFO MESSAGE: Generate Report Page is opened
2019-09-01 11:11:14,381 INFO MESSAGE: Generate Report Page is opened
2019-09-01 11:11:29,305 INFO MESSAGE: Generate Report Page is opened
2019-09-01 11:14:28,099 INFO MESSAGE: Home page is opened
2019-09-01 11:14:39,227 INFO MESSAGE: Home page is opened
2019-09-01 11:21:21,423 INFO MESSAGE: Receptionist Dashboard is opened
2019-09-01 11:29:45,278 INFO MESSAGE: Generate Report Page is opened
2019-09-01 11:31:22,633 INFO MESSAGE: Generate Report Page is opened
2019-09-01 11:33:32,527 INFO MESSAGE: Generate Report Page is opened
2019-09-01 12:00:19,832 INFO MESSAGE: Generate Report Page is opened
2019-09-01 12:01:00,888 INFO MESSAGE: Api for details of visitor is called
2019-09-01 12:01:43,358 INFO MESSAGE: Api for posting deatails of visitor is wrong
2019-09-01 12:01:51,966 INFO MESSAGE: Api for details of visitor is called
2019-09-01 12:01:56,990 INFO MESSAGE: Api for details of visitor is called
2019-09-01 12:02:10,423 INFO MESSAGE: Api for details of visitor is called
2019-09-01 12:24:31,790 INFO MESSAGE: Generate Report Page is opened
2019-09-01 12:24:51,959 INFO MESSAGE: Api for details of visitor is called
2019-09-01 14:13:49,723 INFO MESSAGE: Generate Report Page is opened
2019-09-01 14:14:25,215 INFO MESSAGE: Generate Report Page is opened
2019-09-01 14:16:05,741 INFO MESSAGE: Generate Report Page is opened
2019-09-01 14:17:26,590 INFO MESSAGE: Api for details of visitor is called
2019-09-01 14:19:39,785 INFO MESSAGE: Generate Report Page is opened
2019-09-01 14:20:58,302 INFO MESSAGE: Generate Report Page is opened
2019-09-01 14:21:02,398 ERROR MESSAGE: Invalid HTTP_HOST header: '192.168.43.49:8080'. You may need to add '192.168.43.49' to ALLOWED_HOSTS.
2019-09-01 14:21:08,126 ERROR MESSAGE: Invalid HTTP_HOST header: '192.168.43.49:8080'. You may need to add '192.168.43.49' to ALLOWED_HOSTS.
2019-09-01 14:21:13,827 ERROR MESSAGE: Invalid HTTP_HOST header: '192.168.43.49:8080'. You may need to add '192.168.43.49' to ALLOWED_HOSTS.
2019-09-01 14:21:26,628 INFO MESSAGE: Generate Report Page is opened
2019-09-01 14:21:28,889 INFO MESSAGE: Api for posting deatails of visitor is called
2019-09-01 14:22:06,245 INFO MESSAGE: Generate Report Page is opened
2019-09-01 14:22:14,947 INFO MESSAGE: Home page is opened
2019-09-01 14:22:21,224 INFO MESSAGE: Api for details of visitor is called
2019-09-01 14:22:39,733 INFO MESSAGE: Api for posting deatails of visitor is called
2019-09-01 14:22:50,246 INFO MESSAGE: Generate Report Page is opened
2019-09-01 14:22:53,606 INFO MESSAGE: Api for posting deatails of visitor is called
2019-09-01 14:23:22,561 INFO MESSAGE: Api for details of visitor is called
2019-09-01 14:43:02,536 INFO MESSAGE: Home page is opened
2019-09-01 14:43:32,819 INFO MESSAGE: Admin Dashboard is opened
2019-09-01 14:44:15,061 INFO MESSAGE: Generate Report Page is opened
2019-09-01 14:44:24,172 INFO MESSAGE: Receptionist Dashboard is opened
2019-09-01 14:44:42,839 INFO MESSAGE: Home page is opened
2019-09-01 14:45:12,686 INFO MESSAGE: Admin Dashboard is opened
2019-09-01 14:47:03,281 INFO MESSAGE: Home page is opened
2019-09-01 15:06:48,843 INFO MESSAGE: Home page is opened
2019-09-01 15:07:00,625 INFO MESSAGE: Admin Dashboard is opened
2019-09-01 16:25:05,804 INFO MESSAGE: Generate Report Page is opened
2019-09-01 16:26:07,438 INFO MESSAGE: Generate Report Page is opened
2019-09-01 16:26:08,927 INFO MESSAGE: Api for posting deatails of visitor is called
2019-09-01 16:26:24,447 INFO MESSAGE: Home page is opened
2019-09-01 16:27:26,573 INFO MESSAGE: Home page is opened
2019-09-01 16:27:30,543 INFO MESSAGE: Home page is opened
2019-09-01 16:27:38,175 INFO MESSAGE: Admin Dashboard is opened
2019-09-01 16:27:48,197 INFO MESSAGE: Home page is opened
2019-09-01 16:29:03,070 INFO MESSAGE: Form is saved of Ritik Verma.
2019-09-01 16:29:03,119 INFO MESSAGE: Receptionist Dashboard is opened
2019-09-01 16:31:56,529 INFO MESSAGE: Generate Report Page is opened
2019-09-01 16:32:05,531 INFO MESSAGE: Home page is opened
2019-09-01 16:32:10,514 INFO MESSAGE: Home page is opened
2019-09-01 16:32:43,760 INFO MESSAGE: Receptionist Dashboard is opened
2019-09-01 16:33:06,298 INFO MESSAGE: search by wrong number
2019-09-01 16:33:14,729 INFO MESSAGE: Receptionist Dashboard is opened
2019-09-01 16:33:40,713 INFO MESSAGE: Form is saved of Ritik Verma.
2019-09-01 16:33:40,753 INFO MESSAGE: Receptionist Dashboard is opened
2019-09-01 16:35:01,709 INFO MESSAGE: Home page is opened
2019-09-02 08:01:15,507 INFO MESSAGE: Generate Report Page is opened
2019-09-02 08:01:32,050 INFO MESSAGE: Home page is opened
2019-09-02 08:01:38,731 INFO MESSAGE: Home page is opened
2019-09-02 08:01:52,919 INFO MESSAGE: Receptionist Dashboard is opened
2019-09-02 08:03:56,688 INFO MESSAGE: Generate Report Page is opened
2019-09-02 08:04:03,311 INFO MESSAGE: Home page is opened
2019-09-02 08:04:07,203 INFO MESSAGE: Home page is opened
2019-09-02 08:04:11,180 INFO MESSAGE: Receptionist Dashboard is opened
2020-04-09 08:30:14,288 INFO MESSAGE: Watching for file changes with StatReloader
2020-04-09 08:30:14,411 INFO MESSAGE: Generate Report Page is opened
2020-04-09 08:30:29,719 INFO MESSAGE: Watching for file changes with StatReloader
2020-04-09 08:30:29,843 INFO MESSAGE: Generate Report Page is opened
2020-04-09 08:30:36,722 INFO MESSAGE: Home page is opened
2020-04-09 08:30:48,938 INFO MESSAGE: Support page is opened
2020-04-09 08:30:50,080 INFO MESSAGE: About page is opened
2020-04-09 08:30:50,947 INFO MESSAGE: Home page is opened
2020-04-09 08:31:56,451 INFO MESSAGE: Generate Report Page is opened
2020-04-09 08:33:51,901 INFO MESSAGE: Generate Report Page is opened
2020-04-09 08:34:10,303 INFO MESSAGE: Generate Report Page is opened
2020-04-09 08:34:33,489 INFO MESSAGE: Watching for file changes with StatReloader
2020-04-09 08:34:33,610 INFO MESSAGE: Generate Report Page is opened
2020-04-09 08:34:49,144 INFO MESSAGE: Generate Report Page is opened
2020-04-09 08:35:06,319 INFO MESSAGE: Watching for file changes with StatReloader
2020-04-09 08:35:06,443 INFO MESSAGE: Generate Report Page is opened
2020-04-09 08:35:40,110 INFO MESSAGE: Admin Dashboard is opened
2020-04-09 08:35:45,708 INFO MESSAGE: Home page is opened
2020-04-09 08:59:37,065 INFO MESSAGE: Watching for file changes with StatReloader
2020-04-09 08:59:37,194 INFO MESSAGE: Generate Report Page is opened
2020-04-09 09:00:36,156 INFO MESSAGE: Admin Dashboard is opened
2020-04-09 09:00:51,494 INFO MESSAGE: Download the data of all Visitors
2020-04-09 09:00:58,400 INFO MESSAGE: Home page is opened
2020-04-09 09:01:12,672 INFO MESSAGE: Home page is opened
2020-04-09 09:01:41,212 INFO MESSAGE: Home page is opened
2020-04-09 09:01:42,754 INFO MESSAGE: About page is opened
2020-04-09 09:01:46,051 INFO MESSAGE: Support page is opened
2020-04-09 09:02:51,825 WARNING MESSAGE: Forbidden (CSRF token missing or incorrect.): /login/
2020-04-09 09:03:38,408 INFO MESSAGE: Home page is opened
2020-04-09 09:05:16,499 INFO MESSAGE: Home page is opened
2020-04-09 09:05:18,478 INFO MESSAGE: Home page is opened
2020-04-09 09:05:39,397 INFO MESSAGE: Admin Dashboard is opened
2020-04-09 09:06:30,826 INFO MESSAGE: New Receptionist Signup
2020-04-09 09:06:31,141 INFO MESSAGE: Receptionist Dashboard is opened
2020-04-09 09:06:45,538 INFO MESSAGE: search by wrong number
2020-04-09 09:06:52,229 INFO MESSAGE: Receptionist Dashboard is opened
2020-04-09 09:10:12,016 INFO MESSAGE: Watching for file changes with StatReloader
2020-04-09 09:10:12,138 INFO MESSAGE: Generate Report Page is opened
2020-04-09 09:13:07,136 INFO MESSAGE: Watching for file changes with StatReloader
2020-04-09 09:13:07,296 INFO MESSAGE: Generate Report Page is opened
2020-04-09 09:14:03,119 INFO MESSAGE: Watching for file changes with StatReloader
2020-04-09 09:14:03,243 INFO MESSAGE: Generate Report Page is opened
2020-04-09 09:14:13,244 INFO MESSAGE: Api for details of visitor is called
2020-04-09 09:14:13,690 INFO MESSAGE: Api for details of visitor is called
2020-04-09 09:15:04,266 INFO MESSAGE: Api for details of visitor is called
2020-04-09 09:15:17,347 INFO MESSAGE: Home page is opened
2020-04-09 09:15:27,344 INFO MESSAGE: Receptionist Dashboard is opened
2020-04-17 06:17:16,640 INFO MESSAGE: Watching for file changes with StatReloader
2020-04-17 06:17:21,586 INFO MESSAGE: Generate Report Page is opened
2020-04-17 06:17:40,723 INFO MESSAGE: Receptionist Dashboard is opened
2020-04-17 06:17:42,950 INFO MESSAGE: Receptionist Dashboard is opened
2020-04-17 06:17:49,083 INFO MESSAGE: Home page is opened
2020-04-17 06:17:57,302 INFO MESSAGE: Home page is opened
2020-04-17 06:18:05,364 INFO MESSAGE: search by wrong number
2020-04-17 06:18:07,395 INFO MESSAGE: Receptionist Dashboard is opened
2020-04-17 06:18:10,287 INFO MESSAGE: About page is opened
2020-04-17 06:18:11,730 INFO MESSAGE: Support page is opened
2020-04-17 06:18:15,130 INFO MESSAGE: Home page is opened
2020-04-17 06:18:26,511 INFO MESSAGE: Admin Dashboard is opened
2020-04-17 06:18:29,877 INFO MESSAGE: Download the data of all Visitors
2020-04-17 06:18:52,337 INFO MESSAGE: Home page is opened
2020-04-17 06:20:01,176 INFO MESSAGE: Home page is opened
2020-04-17 06:21:08,035 INFO MESSAGE: Home page is opened
2020-04-17 06:21:18,383 INFO MESSAGE: Receptionist Dashboard is opened
2020-04-17 06:21:22,202 INFO MESSAGE: search by wrong number
2020-04-17 06:21:33,946 INFO MESSAGE: Receptionist Dashboard is opened
2020-04-17 06:30:26,791 INFO MESSAGE: Form is saved of John Doe.
2020-04-17 06:30:26,998 INFO MESSAGE: Receptionist Dashboard is opened
2020-04-17 06:30:31,145 INFO MESSAGE: search by wrong number
2020-04-17 06:30:40,917 INFO MESSAGE: search by wrong number
2020-04-17 06:30:52,507 INFO MESSAGE: Receptionist Dashboard is opened
2020-04-17 06:31:15,531 INFO MESSAGE: Home page is opened
2020-04-17 06:31:24,428 INFO MESSAGE: Receptionist Dashboard is opened
2020-04-17 07:33:06,178 INFO MESSAGE: Receptionist Dashboard is opened
2020-04-17 07:34:18,042 INFO MESSAGE: Home page is opened
2020-04-17 07:35:12,674 INFO MESSAGE: Admin Dashboard is opened
2020-04-17 07:38:01,205 INFO MESSAGE: Home page is opened
2020-04-17 07:38:02,563 INFO MESSAGE: About page is opened
2020-04-17 07:38:34,313 INFO MESSAGE: Support page is opened
2020-04-17 07:38:37,163 INFO MESSAGE: About page is opened
2020-04-17 07:38:40,667 INFO MESSAGE: Home page is opened
2020-04-24 06:29:48,142 INFO MESSAGE: Watching for file changes with StatReloader
2020-04-24 06:29:49,422 INFO MESSAGE: Generate Report Page is opened
2020-04-24 06:30:10,048 INFO MESSAGE: Home page is opened
2020-04-24 06:30:52,649 INFO MESSAGE: Home page is opened
2020-04-24 06:31:01,048 INFO MESSAGE: Receptionist Dashboard is opened
2020-04-24 06:41:48,750 INFO MESSAGE: Receptionist Dashboard is opened
2020-04-24 06:45:09,331 INFO MESSAGE: Home page is opened
2020-04-24 06:45:29,218 INFO MESSAGE: Receptionist Dashboard is opened
2020-04-24 06:45:58,125 INFO MESSAGE: Home page is opened
2020-04-24 07:55:31,371 INFO MESSAGE: Watching for file changes with StatReloader
2020-04-24 07:55:32,754 INFO MESSAGE: Generate Report Page is opened
2020-04-24 07:59:28,294 INFO MESSAGE: Home page is opened
2020-04-24 08:11:22,507 INFO MESSAGE: Form is saved of Mayank Pandey.
2020-04-24 08:11:22,604 INFO MESSAGE: Receptionist Dashboard is opened
